TN:
SF:/Users/anuragjain/Desktop/coding/puzzles/src/polyfills.ts
FNF:0
FNH:0
LF:0
LH:0
BRF:0
BRH:0
end_of_record
TN:
SF:/Users/anuragjain/Desktop/coding/puzzles/src/test.ts
FNF:0
FNH:0
DA:13,1
DA:18,1
DA:20,1
LF:3
LH:3
BRF:0
BRH:0
end_of_record
TN:
SF:/Users/anuragjain/Desktop/coding/puzzles/src/app/app.component.ts
FNF:0
FNH:0
DA:8,1
LF:1
LH:1
BRF:0
BRH:0
end_of_record
TN:
SF:/Users/anuragjain/Desktop/coding/puzzles/src/app/integer-spiral-via-matrix/integer-spiral-via-matrix.component.ts
FN:10,(anonymous_0)
FN:15,(anonymous_1)
FN:30,(anonymous_2)
FN:87,(anonymous_3)
FNF:4
FNH:4
FNDA:11,(anonymous_0)
FNDA:10,(anonymous_1)
FNDA:5,(anonymous_2)
FNDA:5,(anonymous_3)
DA:8,1
DA:17,10
DA:18,10
DA:20,10
DA:22,10
DA:26,10
DA:32,5
DA:33,5
DA:34,23
DA:37,5
DA:38,5
DA:41,5
DA:43,5
DA:45,12
DA:46,28
DA:47,28
DA:48,28
DA:50,28
DA:51,2
DA:55,10
DA:56,24
DA:57,24
DA:58,24
DA:59,24
DA:60,1
DA:62,9
DA:65,9
DA:66,27
DA:67,27
DA:68,27
DA:70,27
DA:71,1
DA:75,8
DA:76,23
DA:77,23
DA:78,23
DA:80,23
DA:81,1
DA:83,7
DA:89,5
DA:90,5
DA:91,23
DA:96,5
DA:97,2
DA:98,2
DA:100,3
DA:103,5
DA:104,5
DA:108,5
DA:110,12
DA:111,28
DA:112,28
DA:113,28
DA:115,28
DA:116,2
DA:120,10
DA:121,24
DA:122,24
DA:123,24
DA:124,24
DA:125,1
DA:128,9
DA:131,9
DA:132,27
DA:133,27
DA:134,27
DA:136,27
DA:137,1
DA:141,8
DA:142,23
DA:143,23
DA:144,23
DA:146,23
DA:147,1
DA:149,7
LF:75
LH:75
BRDA:23,0,0,5
BRDA:23,0,1,5
BRDA:50,1,0,2
BRDA:50,1,1,26
BRDA:59,2,0,1
BRDA:59,2,1,23
BRDA:70,3,0,1
BRDA:70,3,1,26
BRDA:80,4,0,1
BRDA:80,4,1,22
BRDA:96,5,0,2
BRDA:96,5,1,3
BRDA:115,6,0,2
BRDA:115,6,1,26
BRDA:124,7,0,1
BRDA:124,7,1,23
BRDA:136,8,0,1
BRDA:136,8,1,26
BRDA:146,9,0,1
BRDA:146,9,1,22
BRF:20
BRH:20
end_of_record
